Nov 02, 2024 08:11:20.283 [0x7144a0f1ab38] INFO - Plex Tuner Service v1.41.1.9057-af5eaea7a - Docker Docker Container (LinuxServer.io) x86_64 - build: 
Nov 02, 2024 08:11:20.283 [0x7144a0f1ab38] INFO - Linux version: 6.5.13-3-pve (#1 SMP PREEMPT_DYNAMIC PMX 6.5.13-3 (2024-03-20T10:45Z)), language: en-US
Nov 02, 2024 08:11:20.283 [0x7144a0f1ab38] INFO - Processor Intel(R) Core(TM) i7-4790 CPU @ 3.60GHz
Nov 02, 2024 08:11:20.283 [0x7144a0f1ab38] INFO - /usr/lib/plexmediaserver/Plex Tuner Service /usr/lib/plexmediaserver/Resources/Tuner/Private /usr/lib/plexmediaserver/Resources/Tuner/Shared 1.41.1.9057-af5eaea7a 32600
Nov 02, 2024 08:11:20.278 [0x7144a2a8b808] INFO - [I] broker_t::start...
Nov 02, 2024 08:11:20.281 [0x7144a2a8b808] INFO - [I] device_manager_t::init.
Nov 02, 2024 08:11:20.281 [0x7144a2a8b808] INFO - [I] device_manager_t::init. Initialize provider manager
Nov 02, 2024 08:11:20.281 [0x7144a2a8b808] INFO - [I] device_manager_t::init. Initialize all device auxes
Nov 02, 2024 08:11:20.281 [0x7144a2a8b808] INFO - [I] dvb_device_factory_t::get_aux_list
Nov 02, 2024 08:11:20.281 [0x7144a2a8b808] INFO - [I] tvbutler_aux_t::init
Nov 02, 2024 08:11:20.284 [0x7144a2a8b808] INFO - [I] web_server_t::start. Starting web server on port 32600
Nov 02, 2024 08:11:29.081 [0x7144a0576b38] INFO - [I] web_service_t::process_device_discovery
Nov 02, 2024 08:11:29.081 [0x7144a0576b38] INFO - [I] device_reactor_t::get_device_list ()
Nov 02, 2024 08:11:31.084 [0x7144a0576b38] INFO - [I] SAT2IP - discover_satip_servers(): no servers found
Nov 02, 2024 08:11:31.504 [0x7144a0576b38] INFO - [I] v4l::DeviceGetList_impl. getting v4l device list
Nov 02, 2024 08:11:31.505 [0x7144a0576b38] INFO - [I] onetv_factory::DeviceGetListEx >>
Nov 02, 2024 08:11:31.506 [0x7144a0576b38] WARN - [W] onetv_factory::DeviceGetListEx. libusb_init returned an error -99
Nov 02, 2024 08:31:54.924 [0x7144a2a8b808] INFO - Received SIGINT: Interrupt from keyboard.
Nov 02, 2024 08:31:54.953 [0x7144a2a8b808] INFO - [I] device_manager_t::term
Nov 02, 2024 08:31:54.953 [0x7144a2a8b808] INFO - [I] device_manager_t::term. Stop all devices
Nov 02, 2024 08:31:54.953 [0x7144a2a8b808] INFO - [I] device_manager_t::term. Shut down all device auxes
Nov 02, 2024 08:31:54.953 [0x7144a2a8b808] INFO - [I] tvbutler_aux_t::term
Nov 02, 2024 08:31:54.953 [0x7144a2a8b808] INFO - [I] web_server_t::stop. Web server is stopped
Nov 02, 2024 08:31:54.953 [0x7144a2a8b808] INFO - [I] device_manager_t::term
Nov 02, 2024 08:31:54.953 [0x7144a2a8b808] INFO - [I] device_manager_t::term. Stop all devices
Nov 02, 2024 08:31:54.953 [0x7144a2a8b808] INFO - [I] device_manager_t::term. Shut down all device auxes
Nov 02, 2024 08:31:54.953 [0x7144a2a8b808] INFO - [I] broker_t::shutdown. Shutdown is completed.
