Nov 02, 2024 07:37:47.406 [0x7296d3f82b38] INFO - Plex Tuner Service v1.41.1.9057-af5eaea7a - Docker Docker Container (LinuxServer.io) x86_64 - build: 
Nov 02, 2024 07:37:47.406 [0x7296d3f82b38] INFO - Linux version: 6.5.13-3-pve (#1 SMP PREEMPT_DYNAMIC PMX 6.5.13-3 (2024-03-20T10:45Z)), language: en-US
Nov 02, 2024 07:37:47.406 [0x7296d3f82b38] INFO - Processor Intel(R) Core(TM) i7-4790 CPU @ 3.60GHz
Nov 02, 2024 07:37:47.406 [0x7296d3f82b38] INFO - /usr/lib/plexmediaserver/Plex Tuner Service /usr/lib/plexmediaserver/Resources/Tuner/Private /usr/lib/plexmediaserver/Resources/Tuner/Shared 1.41.1.9057-af5eaea7a 32600
Nov 02, 2024 07:37:47.401 [0x7296d5af3808] INFO - [I] broker_t::start...
Nov 02, 2024 07:37:47.403 [0x7296d5af3808] INFO - [I] device_manager_t::init.
Nov 02, 2024 07:37:47.403 [0x7296d5af3808] INFO - [I] device_manager_t::init. Initialize provider manager
Nov 02, 2024 07:37:47.403 [0x7296d5af3808] INFO - [I] device_manager_t::init. Initialize all device auxes
Nov 02, 2024 07:37:47.403 [0x7296d5af3808] INFO - [I] dvb_device_factory_t::get_aux_list
Nov 02, 2024 07:37:47.403 [0x7296d5af3808] INFO - [I] tvbutler_aux_t::init
Nov 02, 2024 07:37:47.405 [0x7296d5af3808] INFO - [I] web_server_t::start. Starting web server on port 32600
Nov 02, 2024 07:37:56.196 [0x7296d36e1b38] INFO - [I] web_service_t::process_device_discovery
Nov 02, 2024 07:37:56.196 [0x7296d36e1b38] INFO - [I] device_reactor_t::get_device_list ()
Nov 02, 2024 07:37:58.200 [0x7296d36e1b38] INFO - [I] SAT2IP - discover_satip_servers(): no servers found
Nov 02, 2024 07:37:58.620 [0x7296d36e1b38] INFO - [I] v4l::DeviceGetList_impl. getting v4l device list
Nov 02, 2024 07:37:58.621 [0x7296d36e1b38] INFO - [I] onetv_factory::DeviceGetListEx >>
Nov 02, 2024 07:37:58.621 [0x7296d36e1b38] WARN - [W] onetv_factory::DeviceGetListEx. libusb_init returned an error -99
Nov 02, 2024 08:11:09.261 [0x7296d5af3808] INFO - Received SIGINT: Interrupt from keyboard.
Nov 02, 2024 08:11:09.262 [0x7296d5af3808] INFO - [I] device_manager_t::term
Nov 02, 2024 08:11:09.262 [0x7296d5af3808] INFO - [I] device_manager_t::term. Stop all devices
Nov 02, 2024 08:11:09.262 [0x7296d5af3808] INFO - [I] device_manager_t::term. Shut down all device auxes
Nov 02, 2024 08:11:09.262 [0x7296d5af3808] INFO - [I] tvbutler_aux_t::term
Nov 02, 2024 08:11:09.263 [0x7296d5af3808] INFO - [I] web_server_t::stop. Web server is stopped
Nov 02, 2024 08:11:09.263 [0x7296d5af3808] INFO - [I] device_manager_t::term
Nov 02, 2024 08:11:09.263 [0x7296d5af3808] INFO - [I] device_manager_t::term. Stop all devices
Nov 02, 2024 08:11:09.263 [0x7296d5af3808] INFO - [I] device_manager_t::term. Shut down all device auxes
Nov 02, 2024 08:11:09.263 [0x7296d5af3808] INFO - [I] broker_t::shutdown. Shutdown is completed.
